2025-08-13 13:17:01,845 [    390]   WARN - #c.i.i.p.PluginManager - Problems found loading plugins:
  Plugin 'Pydantic' (com.koxudaxi.pydantic, version=0.4.18) requires IDE build 251.* or older, but the current build is PY-252.23892.439
2025-08-13 13:17:02,596 [   1141]   WARN - #c.i.s.ComponentManagerImpl - com.intellij.testFramework.fixtures.HeavyIdeaTestFixturePathProviderImpl
java.lang.ClassNotFoundException: com.intellij.testFramework.fixtures.HeavyIdeaTestFixturePathProviderImpl
	at com.intellij.util.lang.UrlClassLoader.findClass(UrlClassLoader.java:236)
	at java.base/java.lang.ClassLoader.loadClass(ClassLoader.java:593)
	at java.base/java.lang.ClassLoader.loadClass(ClassLoader.java:526)
	at com.intellij.serviceContainer.ComponentManagerImplKt.doLoadClass(ComponentManagerImpl.kt:1437)
	at com.intellij.serviceContainer.ComponentManagerImplKt.doLoadClass$default(ComponentManagerImpl.kt:1429)
	at com.intellij.serviceContainer.ServiceDescriptorInstanceInitializer.loadInstanceClass(ServiceInstanceInitializer.kt:97)
	at com.intellij.platform.instanceContainer.internal.LazyInstanceHolder.instanceClass(LazyInstanceHolder.kt:55)
	at com.intellij.serviceContainer.ComponentManagerImpl.processAllHolders$process(ComponentManagerImpl.kt:1245)
	at com.intellij.serviceContainer.ComponentManagerImpl.processAllHolders(ComponentManagerImpl.kt:1264)
	at com.intellij.serviceContainer.ComponentManagerImpl.processAllImplementationClasses(ComponentManagerImpl.kt:1237)
	at com.intellij.configurationStore.ExportSettingsActionKt.getExportableComponentsMap(ExportSettingsAction.kt:216)
	at com.intellij.configurationStore.ExportSettingsActionKt.getExportableComponentsMap$default(ExportSettingsAction.kt:190)
	at com.intellij.settingsSync.core.SettingsSyncIdeMediatorImpl.getInitialSnapshot(SettingsSyncIdeMediatorImpl.kt:125)
	at com.intellij.settingsSync.core.SettingsSyncMain$Companion.init$lambda$1(SettingsSyncMain.kt:69)
	at com.intellij.settingsSync.core.GitSettingsLog.copyExistingSettings(GitSettingsLog.kt:166)
	at com.intellij.settingsSync.core.GitSettingsLog.logExistingSettings(GitSettingsLog.kt:150)
	at com.intellij.settingsSync.core.SettingsSyncBridge.applyInitialChanges(SettingsSyncBridge.kt:152)
	at com.intellij.settingsSync.core.SettingsSyncBridge.access$applyInitialChanges(SettingsSyncBridge.kt:24)
	at com.intellij.settingsSync.core.SettingsSyncBridge$initialize$1$1.invokeSuspend(SettingsSyncBridge.kt:116)
	at com.intellij.settingsSync.core.SettingsSyncBridge$initialize$1$1.invoke(SettingsSyncBridge.kt)
	at com.intellij.settingsSync.core.SettingsSyncBridge$initialize$1$1.invoke(SettingsSyncBridge.kt)
	at kotlinx.coroutines.intrinsics.UndispatchedKt.startUndispatchedOrReturn(Undispatched.kt:44)
	at kotlinx.coroutines.CoroutineScopeKt.coroutineScope(CoroutineScope.kt:285)
	at com.intellij.platform.util.progress.impl.EmptyProgressStep.withText(EmptyProgressStep.kt:22)
	at com.intellij.platform.util.progress.StepsKt.withProgressText(steps.kt:134)
	at com.intellij.settingsSync.core.SettingsSyncBridge$initialize$1.invokeSuspend(SettingsSyncBridge.kt:101)
	at kotlin.coroutines.jvm.internal.BaseContinuationImpl.resumeWith(ContinuationImpl.kt:33)
	at kotlinx.coroutines.DispatchedTask.run(DispatchedTask.kt:100)
	at kotlinx.coroutines.scheduling.CoroutineScheduler.runSafely(CoroutineScheduler.kt:613)
	at kotlinx.coroutines.scheduling.CoroutineScheduler$Worker.executeTask(CoroutineScheduler.kt:1189)
	at kotlinx.coroutines.scheduling.CoroutineScheduler$Worker.runWorker(CoroutineScheduler.kt:778)
	at kotlinx.coroutines.scheduling.CoroutineScheduler$Worker.run(CoroutineScheduler.kt:765)
2025-08-13 13:17:02,609 [   1154]   WARN - #c.i.i.u.UIThemeBean - Unknown field: CombinedDiff
2025-08-13 13:17:02,609 [   1154]   WARN - #c.i.i.u.UIThemeBean - Unknown field: BlockBorder
2025-08-13 13:17:02,650 [   1195]   WARN - #c.i.s.ComponentManagerImpl - com.intellij.testFramework.fixtures.HeavyIdeaTestFixturePathProviderImpl
java.lang.ClassNotFoundException: com.intellij.testFramework.fixtures.HeavyIdeaTestFixturePathProviderImpl
	at com.intellij.util.lang.UrlClassLoader.findClass(UrlClassLoader.java:236)
	at java.base/java.lang.ClassLoader.loadClass(ClassLoader.java:593)
	at java.base/java.lang.ClassLoader.loadClass(ClassLoader.java:526)
	at com.intellij.serviceContainer.ComponentManagerImplKt.doLoadClass(ComponentManagerImpl.kt:1437)
	at com.intellij.serviceContainer.ComponentManagerImplKt.doLoadClass$default(ComponentManagerImpl.kt:1429)
	at com.intellij.serviceContainer.ServiceDescriptorInstanceInitializer.loadInstanceClass(ServiceInstanceInitializer.kt:97)
	at com.intellij.platform.instanceContainer.internal.LazyInstanceHolder.instanceClass(LazyInstanceHolder.kt:55)
	at com.intellij.serviceContainer.ComponentManagerImpl.processAllHolders$process(ComponentManagerImpl.kt:1245)
	at com.intellij.serviceContainer.ComponentManagerImpl.processAllHolders(ComponentManagerImpl.kt:1264)
	at com.intellij.serviceContainer.ComponentManagerImpl.processAllImplementationClasses(ComponentManagerImpl.kt:1237)
	at com.intellij.settingsSync.core.SettingsSyncFilteringKt.findComponentClasses(SettingsSyncFiltering.kt:110)
	at com.intellij.settingsSync.core.SettingsSyncFilteringKt.getRoamableCategory(SettingsSyncFiltering.kt:68)
	at com.intellij.settingsSync.core.SettingsSyncFilteringKt.isSyncCategoryEnabled(SettingsSyncFiltering.kt:21)
	at com.intellij.settingsSync.core.SettingsSyncIdeMediatorImpl.getInitialSnapshot(SettingsSyncIdeMediatorImpl.kt:127)
	at com.intellij.settingsSync.core.SettingsSyncMain$Companion.init$lambda$1(SettingsSyncMain.kt:69)
	at com.intellij.settingsSync.core.GitSettingsLog.copyExistingSettings(GitSettingsLog.kt:166)
	at com.intellij.settingsSync.core.GitSettingsLog.logExistingSettings(GitSettingsLog.kt:150)
	at com.intellij.settingsSync.core.SettingsSyncBridge.applyInitialChanges(SettingsSyncBridge.kt:152)
	at com.intellij.settingsSync.core.SettingsSyncBridge.access$applyInitialChanges(SettingsSyncBridge.kt:24)
	at com.intellij.settingsSync.core.SettingsSyncBridge$initialize$1$1.invokeSuspend(SettingsSyncBridge.kt:116)
	at com.intellij.settingsSync.core.SettingsSyncBridge$initialize$1$1.invoke(SettingsSyncBridge.kt)
	at com.intellij.settingsSync.core.SettingsSyncBridge$initialize$1$1.invoke(SettingsSyncBridge.kt)
	at kotlinx.coroutines.intrinsics.UndispatchedKt.startUndispatchedOrReturn(Undispatched.kt:44)
	at kotlinx.coroutines.CoroutineScopeKt.coroutineScope(CoroutineScope.kt:285)
	at com.intellij.platform.util.progress.impl.EmptyProgressStep.withText(EmptyProgressStep.kt:22)
	at com.intellij.platform.util.progress.StepsKt.withProgressText(steps.kt:134)
	at com.intellij.settingsSync.core.SettingsSyncBridge$initialize$1.invokeSuspend(SettingsSyncBridge.kt:101)
	at kotlin.coroutines.jvm.internal.BaseContinuationImpl.resumeWith(ContinuationImpl.kt:33)
	at kotlinx.coroutines.DispatchedTask.run(DispatchedTask.kt:100)
	at kotlinx.coroutines.scheduling.CoroutineScheduler.runSafely(CoroutineScheduler.kt:613)
	at kotlinx.coroutines.scheduling.CoroutineScheduler$Worker.executeTask(CoroutineScheduler.kt:1189)
	at kotlinx.coroutines.scheduling.CoroutineScheduler$Worker.runWorker(CoroutineScheduler.kt:778)
	at kotlinx.coroutines.scheduling.CoroutineScheduler$Worker.run(CoroutineScheduler.kt:765)
2025-08-13 13:17:02,654 [   1199]   WARN - #c.i.s.ComponentManagerImpl - Suppressed a frequent exception logged for the 2nd time: com.intellij.testFramework.fixtures.HeavyIdeaTestFixturePathProviderImpl
2025-08-13 13:17:02,660 [   1205]   WARN - #c.i.s.ComponentManagerImpl - Suppressed a frequent exception logged for the 5th time: com.intellij.testFramework.fixtures.HeavyIdeaTestFixturePathProviderImpl
2025-08-13 13:17:02,674 [   1219]   WARN - #c.i.s.ComponentManagerImpl - Suppressed a frequent exception logged for the 10th time: com.intellij.testFramework.fixtures.HeavyIdeaTestFixturePathProviderImpl
2025-08-13 13:17:02,684 [   1229]   WARN - #c.i.s.ComponentManagerImpl - Suppressed a frequent exception logged for the 20th time: com.intellij.testFramework.fixtures.HeavyIdeaTestFixturePathProviderImpl
2025-08-13 13:17:02,714 [   1259]   WARN - #c.i.s.ComponentManagerImpl - Suppressed a frequent exception logged for the 50th time: com.intellij.testFramework.fixtures.HeavyIdeaTestFixturePathProviderImpl
2025-08-13 13:17:03,535 [   2080]   WARN - #c.i.o.f.i.EditorsSplitters - No file exists: file:///home/ajung/.config/JetBrains/PyCharm2025.2/consoles/db/787d86a2-7e33-4197-aa5d-10812d08f454/console.sql
2025-08-13 13:17:03,670 [   2215]   WARN - #c.i.u.x.Binding - Collection contains 'null' object
2025-08-13 13:17:03,683 [   2228]   WARN - #c.i.o.f.i.EditorCompositeModelManager - Cannot use saved provider list (savedProviders={split-provider[text-editor;markdown-preview-editor]=[Element: <state/>], Markdown Editor=null}, resolvedProvider=[com.shuzijun.markdown.editor.MarkdownPreviewFileEditorProvider@4b60f9b1])
JCEF_V(17:03:715): Found cef_server binary '/opt/pycharm-2024.3/jbr/lib/cef_server' via System.getProperty('java.home')=/opt/pycharm-2024.3/jbr
JCEF_V(17:03:715): Java is started via native launcher. Found cef_server path /opt/pycharm-2024.3/jbr/lib/cef_server (via system propety)
JCEF_I(17:03:849): Found free tcp-port 6188 for server.
JCEF_I(17:03:849): Found free tcp-port 6189 for java-handlers.
JCEF_V(17:03:860): Created CefServer instance. Transport port=6188 (backward port=6189). Params:
[--no-proxy-server, --disable-features=SpareRendererForSitePerProcess, --force-device-scale-factor=1.0, --disable-gpu-process-crash-limit, --disable-component-update, --autoplay-policy=no-user-gesture-required]| log_file=/home/ajung/.cache/JetBrains/PyCharm2025.2/log/jcef_658523.log, log_severity=LOGSEVERITY_DISABLE
2025-08-13 13:17:03,870 [   2415]   WARN - #c.i.u.j.JBCefBrowserBuilder - Trying to create windowed browser when remote-mode is enabled. Settings isOffScreenRendering=false will be ignored.
2025-08-13 13:17:06,195 [   4740]   WARN - #c.i.s.c.i.StationSocketConnectionLoop - Discovery connection failed with NoSuchFileException (/run/user/1000/jb.station.sock)
2025-08-13 13:17:06,625 [   5170]   WARN - #c.j.p.s.f.PythonSdkFlavor - /home/ajung/src/dashboard2/.venv1/bin/python is not executable: File /home/ajung/src/dashboard2/.venv1/bin/python is not found
2025-08-13 13:17:07,369 [   5914]   WARN - #c.i.m.l.c.q.QuotaManager2Impl - Quota refill state was updated by another thread, wanted to update to Error(exception=com.intellij.ml.llm.core.quota.ResultDoesNotMatchConditionException: Returned result does not match the condition, previous=Known(next=2025-09-02T14:00:09.875Z, tariff=QuotaRefillInfoTariff(amount=2000000, duration=30d)))
2025-08-13 13:17:11,052 [   9597]   WARN - #c.i.m.l.c.q.QuotaManager2Impl - Wanted to update to Available(current=1585053.025, maximum=2000000, until=2026-05-08T21:00:00Z)
2025-08-13 13:17:11,520 [  10065] SEVERE - #kotlinx.coroutines.CoroutineScope - Failed to initialize PythonPackageManager for Python 3.14 (dashboard2) Version:Python 3.14.0rc1 Path:(/home/ajung/src/dashboard2/.venv1/bin/python)
com.intellij.execution.process.ProcessNotCreatedException: Cannot run program "/home/ajung/src/dashboard2/.venv1/bin/python": error=2, No such file or directory
	at com.intellij.execution.configurations.GeneralCommandLine.createProcess(GeneralCommandLine.java:422)
	at com.intellij.execution.target.local.LocalTargetEnvironment.createProcess(LocalTargetEnvironment.java:124)
	at com.jetbrains.python.packaging.pip.PipPackageManagerEngine$runPackagingTool$2.invokeSuspend(PipPackageManagerEngine.kt:147)
	at kotlin.coroutines.jvm.internal.BaseContinuationImpl.resumeWith(ContinuationImpl.kt:33)
	at kotlinx.coroutines.DispatchedTask.run(DispatchedTask.kt:100)
	at kotlinx.coroutines.internal.SoftLimitedDispatcher$Worker.run(SoftLimitedDispatcher.kt:130)
	at kotlinx.coroutines.scheduling.TaskImpl.run(Tasks.kt:89)
	at kotlinx.coroutines.scheduling.CoroutineScheduler.runSafely(CoroutineScheduler.kt:613)
	at kotlinx.coroutines.scheduling.CoroutineScheduler$Worker.executeTask(CoroutineScheduler.kt:1183)
	at kotlinx.coroutines.scheduling.CoroutineScheduler$Worker.runWorker(CoroutineScheduler.kt:778)
	at kotlinx.coroutines.scheduling.CoroutineScheduler$Worker.run(CoroutineScheduler.kt:765)
Caused by: java.io.IOException: Cannot run program "/home/ajung/src/dashboard2/.venv1/bin/python": error=2, No such file or directory
	at java.base/java.lang.ProcessBuilder.start(ProcessBuilder.java:1170)
	at java.base/java.lang.ProcessBuilder.start(ProcessBuilder.java:1089)
	at com.intellij.execution.configurations.GeneralCommandLine.createProcess(GeneralCommandLine.java:574)
	at com.intellij.execution.configurations.GeneralCommandLine.startProcess(GeneralCommandLine.java:590)
	at com.intellij.execution.configurations.GeneralCommandLine.startProcess(GeneralCommandLine.java:432)
	at com.intellij.execution.configurations.GeneralCommandLine.createProcess(GeneralCommandLine.java:402)
	... 10 more
Caused by: java.io.IOException: error=2, No such file or directory
	at java.base/java.lang.ProcessImpl.forkAndExec(Native Method)
	at java.base/java.lang.ProcessImpl.<init>(ProcessImpl.java:295)
	at java.base/java.lang.ProcessImpl.start(ProcessImpl.java:225)
	at java.base/java.lang.ProcessBuilder.start(ProcessBuilder.java:1126)
	... 15 more
2025-08-13 13:17:11,521 [  10066] SEVERE - #kotlinx.coroutines.CoroutineScope - PyCharm 2025.2  Build #PY-252.23892.439
2025-08-13 13:17:11,521 [  10066] SEVERE - #kotlinx.coroutines.CoroutineScope - JDK: 21.0.7; VM: OpenJDK 64-Bit Server VM; Vendor: JetBrains s.r.o.
2025-08-13 13:17:11,521 [  10066] SEVERE - #kotlinx.coroutines.CoroutineScope - OS: Linux
2025-08-13 13:17:11,521 [  10066] SEVERE - #kotlinx.coroutines.CoroutineScope - Plugin to blame: Python Community Edition version: 252.23892.439
2025-08-13 13:17:11,521 [  10066] SEVERE - #kotlinx.coroutines.CoroutineScope - Last Action: 
2025-08-13 13:17:12,487 [  11032]   WARN - #c.j.p.s.PythonSdkUpdater - Update for SDK Python 3.14 (dashboard2) failed
com.intellij.execution.process.ProcessNotCreatedException: Cannot run program "/home/ajung/src/dashboard2/.venv1/bin/python": error=2, No such file or directory
	at com.intellij.execution.configurations.GeneralCommandLine.createProcess(GeneralCommandLine.java:422)
	at com.intellij.execution.target.local.LocalTargetEnvironment.createProcess(LocalTargetEnvironment.java:124)
	at com.jetbrains.python.run.PythonScripts.execute(PythonScripts.kt:288)
	at com.jetbrains.python.sdk.PyTargetsIntrospectionFacade.getInterpreterVersion(PyTargetsIntrospectionFacade.kt:49)
	at com.jetbrains.python.sdk.PythonSdkUpdater$PyUpdateSdkTask.run(PythonSdkUpdater.java:281)
	at com.intellij.openapi.progress.impl.CoreProgressManager.startTask(CoreProgressManager.java:498)
	at com.intellij.openapi.progress.impl.ProgressManagerImpl.startTask(ProgressManagerImpl.java:119)
	at com.intellij.openapi.progress.impl.CoreProgressManager.lambda$runProcessWithProgressAsynchronously$7(CoreProgressManager.java:549)
	at com.intellij.openapi.progress.impl.ProgressRunner.lambda$submit$4(ProgressRunner.java:252)
	at com.intellij.openapi.progress.ProgressManager.lambda$runProcess$0(ProgressManager.java:98)
	at com.intellij.openapi.progress.impl.CoreProgressManager.lambda$runProcess$1(CoreProgressManager.java:229)
	at com.intellij.platform.diagnostic.telemetry.helpers.TraceKt.use(trace.kt:44)
	at com.intellij.openapi.progress.impl.CoreProgressManager.lambda$runProcess$2(CoreProgressManager.java:228)
	at com.intellij.openapi.progress.impl.CoreProgressManager.lambda$executeProcessUnderProgress$14(CoreProgressManager.java:681)
	at com.intellij.openapi.progress.impl.CoreProgressManager.registerIndicatorAndRun(CoreProgressManager.java:756)
	at com.intellij.openapi.progress.impl.CoreProgressManager.computeUnderProgress(CoreProgressManager.java:712)
	at com.intellij.openapi.progress.impl.CoreProgressManager.executeProcessUnderProgress(CoreProgressManager.java:680)
	at com.intellij.openapi.progress.impl.ProgressManagerImpl.executeProcessUnderProgress(ProgressManagerImpl.java:78)
	at com.intellij.openapi.progress.impl.CoreProgressManager.runProcess(CoreProgressManager.java:209)
	at com.intellij.openapi.progress.ProgressManager.runProcess(ProgressManager.java:98)
	at com.intellij.openapi.progress.impl.ProgressRunner.lambda$submit$5(ProgressRunner.java:252)
	at com.intellij.openapi.progress.impl.ProgressRunner$ProgressRunnable.run(ProgressRunner.java:515)
	at com.intellij.openapi.progress.impl.ProgressRunner.lambda$launchTask$18(ProgressRunner.java:480)
	at com.intellij.util.concurrency.ChildContext$runInChildContext$1.invoke(propagation.kt:167)
	at com.intellij.util.concurrency.ChildContext$runInChildContext$1.invoke(propagation.kt:167)
	at com.intellij.util.concurrency.ChildContext.runInChildContext(propagation.kt:173)
	at com.intellij.util.concurrency.ChildContext.runInChildContext(propagation.kt:167)
	at com.intellij.openapi.progress.impl.ProgressRunner.lambda$launchTask$19(ProgressRunner.java:476)
	at java.base/java.util.concurrent.ThreadPoolExecutor.runWorker(ThreadPoolExecutor.java:1144)
	at java.base/java.util.concurrent.ThreadPoolExecutor$Worker.run(ThreadPoolExecutor.java:642)
	at java.base/java.util.concurrent.Executors$PrivilegedThreadFactory$1$1.run(Executors.java:735)
	at java.base/java.util.concurrent.Executors$PrivilegedThreadFactory$1$1.run(Executors.java:732)
	at java.base/java.security.AccessController.doPrivileged(AccessController.java:400)
	at java.base/java.util.concurrent.Executors$PrivilegedThreadFactory$1.run(Executors.java:732)
	at java.base/java.lang.Thread.run(Thread.java:1583)
Caused by: java.io.IOException: Cannot run program "/home/ajung/src/dashboard2/.venv1/bin/python": error=2, No such file or directory
	at java.base/java.lang.ProcessBuilder.start(ProcessBuilder.java:1170)
	at java.base/java.lang.ProcessBuilder.start(ProcessBuilder.java:1089)
	at com.intellij.execution.configurations.GeneralCommandLine.createProcess(GeneralCommandLine.java:574)
	at com.intellij.execution.configurations.GeneralCommandLine.startProcess(GeneralCommandLine.java:590)
	at com.intellij.execution.configurations.GeneralCommandLine.startProcess(GeneralCommandLine.java:432)
	at com.intellij.execution.configurations.GeneralCommandLine.createProcess(GeneralCommandLine.java:402)
	... 34 more
Caused by: java.io.IOException: error=2, No such file or directory
	at java.base/java.lang.ProcessImpl.forkAndExec(Native Method)
	at java.base/java.lang.ProcessImpl.<init>(ProcessImpl.java:295)
	at java.base/java.lang.ProcessImpl.start(ProcessImpl.java:225)
	at java.base/java.lang.ProcessBuilder.start(ProcessBuilder.java:1126)
	... 39 more
2025-08-13 13:17:20,735 [  19280]   WARN - #c.i.m.l.m.e.c.s.JunieProjectPersistentStateComponent$Companion - Junie project path not set in state; using project directory
2025-08-13 13:18:38,150 [  96695]   WARN - #c.i.m.l.m.e.c.a.e.EditSearchReplace - Request to change file: absolutePath=/home/ajung/src/dashboard2/conftest.py; virtualFile=file:///home/ajung/src/dashboard2/conftest.py
2025-08-13 13:18:38,175 [  96720]   WARN - #c.i.m.l.m.e.c.s.JunieProjectPersistentStateComponent$Companion - Junie project path not set in state; using project directory
2025-08-13 13:18:38,186 [  96731]   WARN - #c.i.m.l.m.e.c.a.e.EditSessionImpl - Creating FileChange: absolutePath=/home/ajung/src/dashboard2/conftest.py; relativePath=conftest.py; projectPath=/home/ajung/src/dashboard2
2025-08-13 13:19:36,408 [ 154953]   WARN - #c.i.m.l.m.e.c.a.e.EditSearchReplace - Request to change file: absolutePath=/home/ajung/src/dashboard2/pytest.ini; virtualFile=file:///home/ajung/src/dashboard2/pytest.ini
2025-08-13 13:19:36,442 [ 154987]   WARN - #c.i.m.l.m.e.c.a.e.EditSearchReplace - Request to change file: absolutePath=/home/ajung/src/dashboard2/pytest.ini; virtualFile=file:///home/ajung/src/dashboard2/pytest.ini
2025-08-13 13:19:36,467 [ 155012]   WARN - #c.i.m.l.m.e.c.s.JunieProjectPersistentStateComponent$Companion - Junie project path not set in state; using project directory
2025-08-13 13:19:36,491 [ 155036]   WARN - #c.i.m.l.m.e.c.a.e.EditSessionImpl - Creating FileChange: absolutePath=/home/ajung/src/dashboard2/pytest.ini; relativePath=pytest.ini; projectPath=/home/ajung/src/dashboard2
2025-08-13 13:19:48,033 [ 166578]   WARN - #c.i.m.l.m.e.c.a.e.EditSearchReplace - Request to change file: absolutePath=/home/ajung/src/dashboard2/main.py; virtualFile=file:///home/ajung/src/dashboard2/main.py
2025-08-13 13:19:48,085 [ 166630]   WARN - #c.i.m.l.m.e.c.a.e.EditSearchReplace - Request to change file: absolutePath=/home/ajung/src/dashboard2/main.py; virtualFile=file:///home/ajung/src/dashboard2/main.py
2025-08-13 13:19:48,130 [ 166675]   WARN - #c.i.m.l.m.e.c.s.JunieProjectPersistentStateComponent$Companion - Junie project path not set in state; using project directory
2025-08-13 13:19:48,160 [ 166705]   WARN - #c.i.m.l.m.e.c.a.e.EditSessionImpl - Creating FileChange: absolutePath=/home/ajung/src/dashboard2/main.py; relativePath=main.py; projectPath=/home/ajung/src/dashboard2
2025-08-13 13:20:29,226 [ 207771]   WARN - #c.i.m.l.m.e.c.a.e.EditSearchReplace - Request to change file: absolutePath=/home/ajung/src/dashboard2/main.py; virtualFile=file:///home/ajung/src/dashboard2/main.py
2025-08-13 13:20:29,264 [ 207809]   WARN - #c.i.m.l.m.e.c.a.e.EditSearchReplace - Request to change file: absolutePath=/home/ajung/src/dashboard2/main.py; virtualFile=file:///home/ajung/src/dashboard2/main.py
2025-08-13 13:20:29,298 [ 207843]   WARN - #c.i.m.l.m.e.c.s.JunieProjectPersistentStateComponent$Companion - Junie project path not set in state; using project directory
2025-08-13 13:20:29,317 [ 207862]   WARN - #c.i.m.l.m.e.c.a.e.EditSessionImpl - Creating FileChange: absolutePath=/home/ajung/src/dashboard2/main.py; relativePath=main.py; projectPath=/home/ajung/src/dashboard2
2025-08-13 13:21:12,114 [ 250659]   WARN - #c.i.m.l.m.e.c.a.e.EditSearchReplace - Request to change file: absolutePath=/home/ajung/src/dashboard2/main.py; virtualFile=file:///home/ajung/src/dashboard2/main.py
2025-08-13 13:21:12,205 [ 250750]   WARN - #c.i.m.l.m.e.c.a.e.EditSearchReplace - Request to change file: absolutePath=/home/ajung/src/dashboard2/main.py; virtualFile=file:///home/ajung/src/dashboard2/main.py
2025-08-13 13:21:12,263 [ 250808]   WARN - #c.i.m.l.m.e.c.s.JunieProjectPersistentStateComponent$Companion - Junie project path not set in state; using project directory
2025-08-13 13:21:12,316 [ 250861]   WARN - #c.i.m.l.m.e.c.a.e.EditSessionImpl - Creating FileChange: absolutePath=/home/ajung/src/dashboard2/main.py; relativePath=main.py; projectPath=/home/ajung/src/dashboard2
2025-08-13 13:21:26,788 [ 265333]   WARN - #c.j.p.s.s.PySkeletonRefresher - Some skeletons failed to generate
2025-08-13 13:21:26,788 [ 265333]   WARN - #c.j.p.s.s.PySkeletonRefresher - Cryptodome.Cipher._ARC4
2025-08-13 13:21:26,788 [ 265333]   WARN - #c.j.p.s.s.PySkeletonRefresher - Cryptodome.Cipher._Salsa20
2025-08-13 13:21:26,788 [ 265333]   WARN - #c.j.p.s.s.PySkeletonRefresher - Cryptodome.Cipher._chacha20
2025-08-13 13:21:26,788 [ 265333]   WARN - #c.j.p.s.s.PySkeletonRefresher - Cryptodome.Cipher._pkcs1_decode
2025-08-13 13:21:26,788 [ 265333]   WARN - #c.j.p.s.s.PySkeletonRefresher - Cryptodome.Cipher._raw_aes
2025-08-13 13:21:26,788 [ 265333]   WARN - #c.j.p.s.s.PySkeletonRefresher - Cryptodome.Cipher._raw_aesni
2025-08-13 13:21:26,788 [ 265333]   WARN - #c.j.p.s.s.PySkeletonRefresher - Cryptodome.Cipher._raw_arc2
2025-08-13 13:21:26,788 [ 265333]   WARN - #c.j.p.s.s.PySkeletonRefresher - Cryptodome.Cipher._raw_blowfish
2025-08-13 13:21:26,788 [ 265333]   WARN - #c.j.p.s.s.PySkeletonRefresher - Cryptodome.Cipher._raw_cast
2025-08-13 13:21:26,788 [ 265333]   WARN - #c.j.p.s.s.PySkeletonRefresher - Cryptodome.Cipher._raw_cbc
2025-08-13 13:21:26,788 [ 265333]   WARN - #c.j.p.s.s.PySkeletonRefresher - Cryptodome.Cipher._raw_cfb
2025-08-13 13:21:26,788 [ 265333]   WARN - #c.j.p.s.s.PySkeletonRefresher - Cryptodome.Cipher._raw_ctr
2025-08-13 13:21:26,788 [ 265333]   WARN - #c.j.p.s.s.PySkeletonRefresher - Cryptodome.Cipher._raw_des
2025-08-13 13:21:26,788 [ 265333]   WARN - #c.j.p.s.s.PySkeletonRefresher - Cryptodome.Cipher._raw_des3
2025-08-13 13:21:26,788 [ 265333]   WARN - #c.j.p.s.s.PySkeletonRefresher - Cryptodome.Cipher._raw_ecb
2025-08-13 13:21:26,788 [ 265333]   WARN - #c.j.p.s.s.PySkeletonRefresher - Cryptodome.Cipher._raw_eksblowfish
2025-08-13 13:21:26,788 [ 265333]   WARN - #c.j.p.s.s.PySkeletonRefresher - Cryptodome.Cipher._raw_ocb
2025-08-13 13:21:26,788 [ 265333]   WARN - #c.j.p.s.s.PySkeletonRefresher - Cryptodome.Cipher._raw_ofb
2025-08-13 13:21:26,788 [ 265333]   WARN - #c.j.p.s.s.PySkeletonRefresher - Cryptodome.Hash._BLAKE2b
2025-08-13 13:21:26,788 [ 265333]   WARN - #c.j.p.s.s.PySkeletonRefresher - Cryptodome.Hash._BLAKE2s
2025-08-13 13:21:26,788 [ 265333]   WARN - #c.j.p.s.s.PySkeletonRefresher - Cryptodome.Hash._MD2
2025-08-13 13:21:26,788 [ 265333]   WARN - #c.j.p.s.s.PySkeletonRefresher - Cryptodome.Hash._MD4
2025-08-13 13:21:26,788 [ 265333]   WARN - #c.j.p.s.s.PySkeletonRefresher - Cryptodome.Hash._MD5
2025-08-13 13:21:26,788 [ 265333]   WARN - #c.j.p.s.s.PySkeletonRefresher - Cryptodome.Hash._RIPEMD160
2025-08-13 13:21:26,788 [ 265333]   WARN - #c.j.p.s.s.PySkeletonRefresher - Cryptodome.Hash._SHA1
2025-08-13 13:21:26,788 [ 265333]   WARN - #c.j.p.s.s.PySkeletonRefresher - Cryptodome.Hash._SHA224
2025-08-13 13:21:26,788 [ 265333]   WARN - #c.j.p.s.s.PySkeletonRefresher - Cryptodome.Hash._SHA256
2025-08-13 13:21:26,788 [ 265333]   WARN - #c.j.p.s.s.PySkeletonRefresher - Cryptodome.Hash._SHA384
2025-08-13 13:21:26,788 [ 265333]   WARN - #c.j.p.s.s.PySkeletonRefresher - Cryptodome.Hash._SHA512
2025-08-13 13:21:26,788 [ 265333]   WARN - #c.j.p.s.s.PySkeletonRefresher - Cryptodome.Hash._ghash_clmul
2025-08-13 13:21:26,788 [ 265333]   WARN - #c.j.p.s.s.PySkeletonRefresher - Cryptodome.Hash._ghash_portable
2025-08-13 13:21:26,788 [ 265333]   WARN - #c.j.p.s.s.PySkeletonRefresher - Cryptodome.Hash._keccak
2025-08-13 13:21:26,788 [ 265333]   WARN - #c.j.p.s.s.PySkeletonRefresher - Cryptodome.Hash._poly1305
2025-08-13 13:21:26,788 [ 265333]   WARN - #c.j.p.s.s.PySkeletonRefresher - Cryptodome.Math._modexp
2025-08-13 13:21:26,788 [ 265333]   WARN - #c.j.p.s.s.PySkeletonRefresher - Cryptodome.Protocol._scrypt
2025-08-13 13:21:26,788 [ 265333]   WARN - #c.j.p.s.s.PySkeletonRefresher - Cryptodome.PublicKey._ec_ws
2025-08-13 13:21:26,788 [ 265333]   WARN - #c.j.p.s.s.PySkeletonRefresher - Cryptodome.PublicKey._ed25519
2025-08-13 13:21:26,788 [ 265333]   WARN - #c.j.p.s.s.PySkeletonRefresher - Cryptodome.PublicKey._ed448
2025-08-13 13:21:26,788 [ 265333]   WARN - #c.j.p.s.s.PySkeletonRefresher - Cryptodome.PublicKey._x25519
2025-08-13 13:21:26,788 [ 265333]   WARN - #c.j.p.s.s.PySkeletonRefresher - Cryptodome.Util._cpuid_c
2025-08-13 13:21:26,788 [ 265333]   WARN - #c.j.p.s.s.PySkeletonRefresher - Cryptodome.Util._strxor
2025-08-13 13:21:26,788 [ 265333]   WARN - #c.j.p.s.s.PySkeletonRefresher - numpy.core._umath_tests
2025-08-13 13:21:26,820 [ 265365]   WARN - #kotlinx.coroutines.CoroutineScope - Failed to reload packages
com.jetbrains.python.packaging.PyExecutionException: 
The following command finished with error: /usr/bin/python3.12 /opt/pycharm-2024.3/plugins/python-ce/helpers/packaging_tool.py list
Output: 
Error: Error: Traceback (most recent call last):
  File "/opt/pycharm-2024.3/plugins/python-ce/helpers/packaging_tool.py", line 65, in run_pip
    runpy.run_module(module_name, run_name='__main__', alter_sys=True)
  File "<frozen runpy>", line 222, in run_module
  File "<frozen runpy>", line 142, in _get_module_details
ImportError: No module named pip

Exit code: 4
	at com.jetbrains.python.packaging.PyPackageManagerBridge$refreshAndGetPackages$pythonPackages$1.invokeSuspend(PyPackageManagerBridge.kt:46)
	at kotlin.coroutines.jvm.internal.BaseContinuationImpl.resumeWith(ContinuationImpl.kt:33)
	at kotlinx.coroutines.DispatchedTask.run(DispatchedTask.kt:100)
	at kotlinx.coroutines.EventLoopImplBase.processNextEvent(EventLoop.common.kt:263)
	at kotlinx.coroutines.BlockingCoroutine.joinBlocking(Builders.kt:112)
	at kotlinx.coroutines.BuildersKt__BuildersKt.runBlocking$BuildersKt__BuildersKt(Builders.kt:85)
	at kotlinx.coroutines.BuildersKt__BuildersKt.runBlockingWithParallelismCompensation(Builders.kt:61)
	at kotlinx.coroutines.BuildersKt.runBlockingWithParallelismCompensation(Unknown Source)
	at kotlinx.coroutines.internal.intellij.IntellijCoroutines.runBlockingWithParallelismCompensation(intellij.kt:48)
	at com.intellij.openapi.progress.CoroutinesKt.runBlockingCancellable$lambda$0(coroutines.kt:139)
	at com.intellij.openapi.progress.ContextKt.prepareIndicatorThreadContext$lambda$5(context.kt:109)
	at com.intellij.openapi.progress.impl.CoreProgressManager.silenceGlobalIndicator(CoreProgressManager.java:1049)
	at com.intellij.openapi.progress.ContextKt.prepareIndicatorThreadContext(context.kt:107)
	at com.intellij.openapi.progress.ContextKt.prepareThreadContext(context.kt:78)
	at com.intellij.openapi.progress.CoroutinesKt.runBlockingCancellable(coroutines.kt:131)
	at com.intellij.openapi.progress.CoroutinesKt.runBlockingMaybeCancellable(coroutines.kt:180)
	at com.jetbrains.python.packaging.PyPackageManagerBridge.refreshAndGetPackages(PyPackageManagerBridge.kt:43)
	at com.jetbrains.python.sdk.PythonSdkUpdater$PyUpdateSdkTask.refreshPackages(PythonSdkUpdater.java:364)
	at com.jetbrains.python.sdk.PythonSdkUpdater$PyUpdateSdkTask.run(PythonSdkUpdater.java:293)
	at com.intellij.openapi.progress.impl.CoreProgressManager.startTask(CoreProgressManager.java:498)
	at com.intellij.openapi.progress.impl.ProgressManagerImpl.startTask(ProgressManagerImpl.java:119)
	at com.intellij.openapi.progress.impl.CoreProgressManager.lambda$runProcessWithProgressAsynchronously$7(CoreProgressManager.java:549)
	at com.intellij.openapi.progress.impl.ProgressRunner.lambda$submit$4(ProgressRunner.java:252)
	at com.intellij.openapi.progress.ProgressManager.lambda$runProcess$0(ProgressManager.java:98)
	at com.intellij.openapi.progress.impl.CoreProgressManager.lambda$runProcess$1(CoreProgressManager.java:229)
	at com.intellij.platform.diagnostic.telemetry.helpers.TraceKt.use(trace.kt:44)
	at com.intellij.openapi.progress.impl.CoreProgressManager.lambda$runProcess$2(CoreProgressManager.java:228)
	at com.intellij.openapi.progress.impl.CoreProgressManager.lambda$executeProcessUnderProgress$14(CoreProgressManager.java:681)
	at com.intellij.openapi.progress.impl.CoreProgressManager.registerIndicatorAndRun(CoreProgressManager.java:756)
	at com.intellij.openapi.progress.impl.CoreProgressManager.computeUnderProgress(CoreProgressManager.java:712)
	at com.intellij.openapi.progress.impl.CoreProgressManager.executeProcessUnderProgress(CoreProgressManager.java:680)
	at com.intellij.openapi.progress.impl.ProgressManagerImpl.executeProcessUnderProgress(ProgressManagerImpl.java:78)
	at com.intellij.openapi.progress.impl.CoreProgressManager.runProcess(CoreProgressManager.java:209)
	at com.intellij.openapi.progress.ProgressManager.runProcess(ProgressManager.java:98)
	at com.intellij.openapi.progress.impl.ProgressRunner.lambda$submit$5(ProgressRunner.java:252)
	at com.intellij.openapi.progress.impl.ProgressRunner$ProgressRunnable.run(ProgressRunner.java:515)
	at com.intellij.openapi.progress.impl.ProgressRunner.lambda$launchTask$18(ProgressRunner.java:480)
	at com.intellij.util.concurrency.ChildContext$runInChildContext$1.invoke(propagation.kt:167)
	at com.intellij.util.concurrency.ChildContext$runInChildContext$1.invoke(propagation.kt:167)
	at com.intellij.util.concurrency.ChildContext.runInChildContext(propagation.kt:173)
	at com.intellij.util.concurrency.ChildContext.runInChildContext(propagation.kt:167)
	at com.intellij.openapi.progress.impl.ProgressRunner.lambda$launchTask$19(ProgressRunner.java:476)
	at java.base/java.util.concurrent.ThreadPoolExecutor.runWorker(ThreadPoolExecutor.java:1144)
	at java.base/java.util.concurrent.ThreadPoolExecutor$Worker.run(ThreadPoolExecutor.java:642)
	at java.base/java.util.concurrent.Executors$PrivilegedThreadFactory$1$1.run(Executors.java:735)
	at java.base/java.util.concurrent.Executors$PrivilegedThreadFactory$1$1.run(Executors.java:732)
	at java.base/java.security.AccessController.doPrivileged(AccessController.java:400)
	at java.base/java.util.concurrent.Executors$PrivilegedThreadFactory$1.run(Executors.java:732)
	at java.base/java.lang.Thread.run(Thread.java:1583)
2025-08-13 13:21:41,025 [ 279570]   WARN - #c.i.s.ComponentManagerImpl - com.intellij.testFramework.fixtures.HeavyIdeaTestFixturePathProviderImpl
java.lang.ClassNotFoundException: com.intellij.testFramework.fixtures.HeavyIdeaTestFixturePathProviderImpl
	at com.intellij.util.lang.UrlClassLoader.findClass(UrlClassLoader.java:236)
	at java.base/java.lang.ClassLoader.loadClass(ClassLoader.java:593)
	at java.base/java.lang.ClassLoader.loadClass(ClassLoader.java:526)
	at com.intellij.serviceContainer.ComponentManagerImplKt.doLoadClass(ComponentManagerImpl.kt:1437)
	at com.intellij.serviceContainer.ComponentManagerImplKt.doLoadClass$default(ComponentManagerImpl.kt:1429)
	at com.intellij.serviceContainer.ServiceDescriptorInstanceInitializer.loadInstanceClass(ServiceInstanceInitializer.kt:97)
	at com.intellij.platform.instanceContainer.internal.LazyInstanceHolder.instanceClass(LazyInstanceHolder.kt:55)
	at com.intellij.serviceContainer.ComponentManagerImpl.processAllHolders$process(ComponentManagerImpl.kt:1245)
	at com.intellij.serviceContainer.ComponentManagerImpl.processAllHolders(ComponentManagerImpl.kt:1264)
	at com.intellij.serviceContainer.ComponentManagerImpl.processAllImplementationClasses(ComponentManagerImpl.kt:1237)
	at com.intellij.settingsSync.core.SettingsSyncFilteringKt.findComponentClasses(SettingsSyncFiltering.kt:110)
	at com.intellij.settingsSync.core.SettingsSyncFilteringKt.getRoamableCategory(SettingsSyncFiltering.kt:68)
	at com.intellij.settingsSync.core.SettingsSyncFilteringKt.isSyncCategoryEnabled(SettingsSyncFiltering.kt:21)
	at com.intellij.settingsSync.core.SettingsSyncIdeMediatorImpl.write(SettingsSyncIdeMediatorImpl.kt:155)
	at com.intellij.configurationStore.CompoundStreamProvider.write(CompoundStreamProvider.kt:43)
	at com.intellij.configurationStore.XmlElementStorage$XmlElementStorageSaveSessionProducer$XmlSaveSession.doSave(XmlElementStorage.kt:275)
	at com.intellij.configurationStore.XmlElementStorage$XmlElementStorageSaveSessionProducer$XmlSaveSession.save(XmlElementStorage.kt:258)
	at com.intellij.configurationStore.SaveSessionProducerManager.saveSession(SaveSessionProducerManager.kt:97)
	at com.intellij.configurationStore.SaveSessionProducerManager.saveSessions(SaveSessionProducerManager.kt:66)
	at com.intellij.configurationStore.SaveSessionProducerManager.save(SaveSessionProducerManager.kt:41)
	at com.intellij.configurationStore.AppStorageContentWriter.saveSession(ApplicationStoreBridge.kt:102)
	at com.intellij.workspaceModel.ide.impl.jps.serialization.JpsGlobalModelSynchronizerImpl.saveGlobalEntities(JpsGlobalModelSynchronizerImpl.kt:115)
	at com.intellij.configurationStore.ApplicationStoreImpl.doSave$intellij_platform_configurationStore_impl(ApplicationStoreImpl.kt:75)
	at com.intellij.configurationStore.ComponentStoreImpl.save$suspendImpl(ComponentStoreImpl.kt:236)
	at com.intellij.configurationStore.ComponentStoreImpl.save(ComponentStoreImpl.kt)
	at com.intellij.configurationStore.StoreUtilKt$saveSettings$2.invokeSuspend(storeUtil.kt:104)
	at com.intellij.configurationStore.StoreUtilKt$saveSettings$2.invoke(storeUtil.kt)
	at com.intellij.configurationStore.StoreUtilKt$saveSettings$2.invoke(storeUtil.kt)
	at kotlinx.coroutines.intrinsics.UndispatchedKt.startUndispatchedOrReturn(Undispatched.kt:44)
	at kotlinx.coroutines.BuildersKt__Builders_commonKt.withContext(Builders.common.kt:166)
	at kotlinx.coroutines.BuildersKt.withContext(Unknown Source)
	at com.intellij.configurationStore.StoreUtilKt.saveSettings(storeUtil.kt:103)
	at com.intellij.configurationStore.StoreUtilKt$saveProjectsAndApp$2$saveAppJob$1.invokeSuspend(storeUtil.kt:206)
	at kotlin.coroutines.jvm.internal.BaseContinuationImpl.resumeWith(ContinuationImpl.kt:33)
	at kotlinx.coroutines.DispatchedTask.run(DispatchedTask.kt:100)
	at kotlinx.coroutines.scheduling.CoroutineScheduler.runSafely(CoroutineScheduler.kt:613)
	at kotlinx.coroutines.scheduling.CoroutineScheduler$Worker.executeTask(CoroutineScheduler.kt:1189)
	at kotlinx.coroutines.scheduling.CoroutineScheduler$Worker.runWorker(CoroutineScheduler.kt:778)
	at kotlinx.coroutines.scheduling.CoroutineScheduler$Worker.run(CoroutineScheduler.kt:765)
2025-08-13 13:22:07,960 [ 306505]   WARN - #c.i.u.x.Binding - Collection contains 'null' object
2025-08-13 13:22:19,803 [ 318348]   WARN - #c.i.m.l.m.e.c.a.e.EditSearchReplace - Request to change file: absolutePath=/home/ajung/src/dashboard2/main.py; virtualFile=file:///home/ajung/src/dashboard2/main.py
2025-08-13 13:22:19,831 [ 318376]   WARN - #c.i.m.l.m.e.c.a.e.EditSearchReplace - Request to change file: absolutePath=/home/ajung/src/dashboard2/main.py; virtualFile=file:///home/ajung/src/dashboard2/main.py
2025-08-13 13:22:19,870 [ 318415]   WARN - #c.i.m.l.m.e.c.s.JunieProjectPersistentStateComponent$Companion - Junie project path not set in state; using project directory
2025-08-13 13:22:19,895 [ 318440]   WARN - #c.i.m.l.m.e.c.a.e.EditSessionImpl - Creating FileChange: absolutePath=/home/ajung/src/dashboard2/main.py; relativePath=main.py; projectPath=/home/ajung/src/dashboard2
2025-08-13 13:22:45,717 [ 344262]   WARN - #c.i.m.l.m.e.c.a.e.EditSearchReplace - Request to change file: absolutePath=/home/ajung/src/dashboard2/main.py; virtualFile=file:///home/ajung/src/dashboard2/main.py
2025-08-13 13:22:45,768 [ 344313]   WARN - #c.i.m.l.m.e.c.a.e.EditSearchReplace - Request to change file: absolutePath=/home/ajung/src/dashboard2/main.py; virtualFile=file:///home/ajung/src/dashboard2/main.py
2025-08-13 13:22:45,810 [ 344355]   WARN - #c.i.m.l.m.e.c.s.JunieProjectPersistentStateComponent$Companion - Junie project path not set in state; using project directory
2025-08-13 13:22:45,838 [ 344383]   WARN - #c.i.m.l.m.e.c.a.e.EditSessionImpl - Creating FileChange: absolutePath=/home/ajung/src/dashboard2/main.py; relativePath=main.py; projectPath=/home/ajung/src/dashboard2
2025-08-13 13:23:27,926 [ 386471]   WARN - #c.i.m.l.m.e.c.a.e.EditSearchReplace - Request to change file: absolutePath=/home/ajung/src/dashboard2/main.py; virtualFile=file:///home/ajung/src/dashboard2/main.py
2025-08-13 13:23:27,979 [ 386524]   WARN - #c.i.m.l.m.e.c.a.e.EditSearchReplace - Request to change file: absolutePath=/home/ajung/src/dashboard2/main.py; virtualFile=file:///home/ajung/src/dashboard2/main.py
2025-08-13 13:23:28,010 [ 386555]   WARN - #c.i.m.l.m.e.c.s.JunieProjectPersistentStateComponent$Companion - Junie project path not set in state; using project directory
2025-08-13 13:23:28,030 [ 386575]   WARN - #c.i.m.l.m.e.c.a.e.EditSessionImpl - Creating FileChange: absolutePath=/home/ajung/src/dashboard2/main.py; relativePath=main.py; projectPath=/home/ajung/src/dashboard2
2025-08-13 13:23:58,873 [ 417418]   WARN - #c.i.m.l.m.e.c.a.e.EditSearchReplace - Request to change file: absolutePath=/home/ajung/src/dashboard2/main.py; virtualFile=file:///home/ajung/src/dashboard2/main.py
2025-08-13 13:23:58,916 [ 417461]   WARN - #c.i.m.l.m.e.c.a.e.EditSearchReplace - Request to change file: absolutePath=/home/ajung/src/dashboard2/main.py; virtualFile=file:///home/ajung/src/dashboard2/main.py
2025-08-13 13:23:58,962 [ 417507]   WARN - #c.i.m.l.m.e.c.s.JunieProjectPersistentStateComponent$Companion - Junie project path not set in state; using project directory
2025-08-13 13:23:58,993 [ 417538]   WARN - #c.i.m.l.m.e.c.a.e.EditSessionImpl - Creating FileChange: absolutePath=/home/ajung/src/dashboard2/main.py; relativePath=main.py; projectPath=/home/ajung/src/dashboard2
2025-08-13 13:24:38,280 [ 456825]   WARN - #c.i.m.l.m.e.c.a.e.EditSearchReplace - Request to change file: absolutePath=/home/ajung/src/dashboard2/main.py; virtualFile=file:///home/ajung/src/dashboard2/main.py
2025-08-13 13:24:38,329 [ 456874]   WARN - #c.i.m.l.m.e.c.a.e.EditSearchReplace - Request to change file: absolutePath=/home/ajung/src/dashboard2/main.py; virtualFile=file:///home/ajung/src/dashboard2/main.py
2025-08-13 13:24:38,359 [ 456904]   WARN - #c.i.m.l.m.e.c.s.JunieProjectPersistentStateComponent$Companion - Junie project path not set in state; using project directory
2025-08-13 13:24:38,387 [ 456932]   WARN - #c.i.m.l.m.e.c.a.e.EditSessionImpl - Creating FileChange: absolutePath=/home/ajung/src/dashboard2/main.py; relativePath=main.py; projectPath=/home/ajung/src/dashboard2
2025-08-13 13:25:08,957 [ 487502]   WARN - #c.i.m.l.m.a.AgentContext - Building patch based on changes: size=20
2025-08-13 13:25:08,957 [ 487502]   WARN - #c.i.m.l.m.a.AgentContext - Processing change: before=/home/ajung/src/dashboard2/conftest.py, after=/home/ajung/src/dashboard2/conftest.py
2025-08-13 13:25:08,958 [ 487503]   WARN - #c.i.m.l.m.a.AgentContext - Processing change: before=/home/ajung/src/dashboard2/pycharm.log, after=/home/ajung/src/dashboard2/pycharm.log
2025-08-13 13:25:08,958 [ 487503]   WARN - #c.i.m.l.m.a.AgentContext - Processing change: before=/home/ajung/src/dashboard2/pytest.ini, after=/home/ajung/src/dashboard2/pytest.ini
2025-08-13 13:25:08,958 [ 487503]   WARN - #c.i.m.l.m.a.AgentContext - Processing change: before=/home/ajung/src/dashboard2/main.py, after=/home/ajung/src/dashboard2/main.py
2025-08-13 13:25:08,958 [ 487503]   WARN - #c.i.m.l.m.a.AgentContext - Processing change: before=/home/ajung/src/dashboard2/pycharm.log, after=/home/ajung/src/dashboard2/pycharm.log
2025-08-13 13:25:08,958 [ 487503]   WARN - #c.i.m.l.m.a.AgentContext - Processing change: before=/home/ajung/src/dashboard2/main.py, after=/home/ajung/src/dashboard2/main.py
2025-08-13 13:25:08,958 [ 487503]   WARN - #c.i.m.l.m.a.AgentContext - Processing change: before=/home/ajung/src/dashboard2/pycharm.log, after=/home/ajung/src/dashboard2/pycharm.log
2025-08-13 13:25:08,958 [ 487503]   WARN - #c.i.m.l.m.a.AgentContext - Processing change: before=/home/ajung/src/dashboard2/main.py, after=/home/ajung/src/dashboard2/main.py
2025-08-13 13:25:08,958 [ 487503]   WARN - #c.i.m.l.m.a.AgentContext - Processing change: before=/home/ajung/src/dashboard2/.idea/dashboard2.iml, after=/home/ajung/src/dashboard2/.idea/dashboard2.iml
2025-08-13 13:25:08,958 [ 487503]   WARN - #c.i.m.l.m.a.AgentContext - Processing change: before=/home/ajung/src/dashboard2/.idea/misc.xml, after=/home/ajung/src/dashboard2/.idea/misc.xml
2025-08-13 13:25:08,958 [ 487503]   WARN - #c.i.m.l.m.a.AgentContext - Processing change: before=/home/ajung/src/dashboard2/.idea/vcs.xml, after=/home/ajung/src/dashboard2/.idea/vcs.xml
2025-08-13 13:25:08,958 [ 487503]   WARN - #c.i.m.l.m.a.AgentContext - Processing change: before=/home/ajung/src/dashboard2/pycharm.log, after=/home/ajung/src/dashboard2/pycharm.log
2025-08-13 13:25:08,958 [ 487503]   WARN - #c.i.m.l.m.a.AgentContext - Processing change: before=/home/ajung/src/dashboard2/pycharm.log, after=/home/ajung/src/dashboard2/pycharm.log
2025-08-13 13:25:08,958 [ 487503]   WARN - #c.i.m.l.m.a.AgentContext - Processing change: before=/home/ajung/src/dashboard2/main.py, after=/home/ajung/src/dashboard2/main.py
2025-08-13 13:25:08,958 [ 487503]   WARN - #c.i.m.l.m.a.AgentContext - Processing change: before=/home/ajung/src/dashboard2/main.py, after=/home/ajung/src/dashboard2/main.py
2025-08-13 13:25:08,958 [ 487503]   WARN - #c.i.m.l.m.a.AgentContext - Processing change: before=/home/ajung/src/dashboard2/pycharm.log, after=/home/ajung/src/dashboard2/pycharm.log
2025-08-13 13:25:08,958 [ 487503]   WARN - #c.i.m.l.m.a.AgentContext - Processing change: before=/home/ajung/src/dashboard2/main.py, after=/home/ajung/src/dashboard2/main.py
2025-08-13 13:25:08,958 [ 487503]   WARN - #c.i.m.l.m.a.AgentContext - Processing change: before=/home/ajung/src/dashboard2/pycharm.log, after=/home/ajung/src/dashboard2/pycharm.log
2025-08-13 13:25:08,958 [ 487503]   WARN - #c.i.m.l.m.a.AgentContext - Processing change: before=/home/ajung/src/dashboard2/main.py, after=/home/ajung/src/dashboard2/main.py
2025-08-13 13:25:08,958 [ 487503]   WARN - #c.i.m.l.m.a.AgentContext - Processing change: before=/home/ajung/src/dashboard2/pycharm.log, after=/home/ajung/src/dashboard2/pycharm.log
2025-08-13 13:25:08,958 [ 487503]   WARN - #c.i.m.l.m.a.AgentContext - Processing change: before=/home/ajung/src/dashboard2/main.py, after=/home/ajung/src/dashboard2/main.py
2025-08-13 13:25:47,899 [ 526444]   WARN - #c.i.m.l.m.e.c.s.JunieProjectPersistentStateComponent$Companion - Junie project path not set in state; using project directory
2025-08-13 13:26:54,770 [ 593315]   WARN - #c.i.m.l.m.e.c.a.e.EditSearchReplace - Request to change file: absolutePath=/home/ajung/src/dashboard2/tests/conftest.py; virtualFile=file:///home/ajung/src/dashboard2/tests/conftest.py
2025-08-13 13:26:54,782 [ 593327]   WARN - #c.i.m.l.m.e.c.a.e.EditSearchReplace - Request to change file: absolutePath=/home/ajung/src/dashboard2/tests/conftest.py; virtualFile=file:///home/ajung/src/dashboard2/tests/conftest.py
2025-08-13 13:26:54,810 [ 593355]   WARN - #c.i.m.l.m.e.c.s.JunieProjectPersistentStateComponent$Companion - Junie project path not set in state; using project directory
2025-08-13 13:26:54,839 [ 593384]   WARN - #c.i.m.l.m.e.c.a.e.EditSessionImpl - Creating FileChange: absolutePath=/home/ajung/src/dashboard2/tests/conftest.py; relativePath=tests/conftest.py; projectPath=/home/ajung/src/dashboard2
2025-08-13 13:27:43,622 [ 642167]   WARN - #c.i.m.l.m.e.c.a.e.EditSearchReplace - Request to change file: absolutePath=/home/ajung/src/dashboard2/tests/conftest.py; virtualFile=file:///home/ajung/src/dashboard2/tests/conftest.py
2025-08-13 13:27:43,634 [ 642179]   WARN - #c.i.m.l.m.e.c.a.e.EditSearchReplace - Request to change file: absolutePath=/home/ajung/src/dashboard2/tests/conftest.py; virtualFile=file:///home/ajung/src/dashboard2/tests/conftest.py
2025-08-13 13:27:43,653 [ 642198]   WARN - #c.i.m.l.m.e.c.s.JunieProjectPersistentStateComponent$Companion - Junie project path not set in state; using project directory
2025-08-13 13:27:43,657 [ 642202]   WARN - #c.i.m.l.m.e.c.a.e.EditSessionImpl - Creating FileChange: absolutePath=/home/ajung/src/dashboard2/tests/conftest.py; relativePath=tests/conftest.py; projectPath=/home/ajung/src/dashboard2
2025-08-13 13:28:11,346 [ 669891]   WARN - #c.i.m.l.m.a.AgentContext - Building patch based on changes: size=4
2025-08-13 13:28:11,346 [ 669891]   WARN - #c.i.m.l.m.a.AgentContext - Processing change: before=/home/ajung/src/dashboard2/tests/conftest.py, after=/home/ajung/src/dashboard2/tests/conftest.py
2025-08-13 13:28:11,346 [ 669891]   WARN - #c.i.m.l.m.a.AgentContext - Processing change: before=/home/ajung/src/dashboard2/pycharm.log, after=/home/ajung/src/dashboard2/pycharm.log
2025-08-13 13:28:11,346 [ 669891]   WARN - #c.i.m.l.m.a.AgentContext - Processing change: before=/home/ajung/src/dashboard2/tests/conftest.py, after=/home/ajung/src/dashboard2/tests/conftest.py
2025-08-13 13:28:11,346 [ 669891]   WARN - #c.i.m.l.m.a.AgentContext - Processing change: before=/home/ajung/src/dashboard2/pycharm.log, after=/home/ajung/src/dashboard2/pycharm.log
